0 info it worked if it ends with ok
1 verbose cli [ '/usr/local/bin/node', '/usr/local/bin/npm', 'run', 'babel' ]
2 info using npm@3.10.3
3 info using node@v6.6.0
4 verbose run-script [ 'prebabel', 'babel', 'postbabel' ]
5 info lifecycle babel@1.0.0~prebabel: babel@1.0.0
6 silly lifecycle babel@1.0.0~prebabel: no script for prebabel, continuing
7 info lifecycle babel@1.0.0~babel: babel@1.0.0
8 verbose lifecycle babel@1.0.0~babel: unsafe-perm in lifecycle true
9 verbose lifecycle babel@1.0.0~babel: PATH: /usr/local/lib/node_modules/npm/bin/node-gyp-bin:/Users/andfelzapata90/Projects/wesbosES6/lesson#49-all-about-babel-plus-npm-scripts/babel/node_modules/.bin:/usr/local/bin:/Library/Frameworks/Python.framework/Versions/2.7/bin:/Library/Frameworks/Python.framework/Versions/3.4/bin:/Library/Frameworks/Python.framework/Versions/2.7/bin:/usr/local/bin:/usr/bin:/bin:/usr/sbin:/sbin:/usr/local/git/bin:~/scripts
10 verbose lifecycle babel@1.0.0~babel: CWD: /Users/andfelzapata90/Projects/wesbosES6/lesson#49-all-about-babel-plus-npm-scripts/babel
11 silly lifecycle babel@1.0.0~babel: Args: [ '-c', 'babel app.js --watch --out-file app-compiled.js' ]
12 silly lifecycle babel@1.0.0~babel: Returned: code: 1  signal: null
13 info lifecycle babel@1.0.0~babel: Failed to exec babel script
14 verbose stack Error: babel@1.0.0 babel: `babel app.js --watch --out-file app-compiled.js`
14 verbose stack Exit status 1
14 verbose stack     at EventEmitter.<anonymous> (/usr/local/lib/node_modules/npm/lib/utils/lifecycle.js:242:16)
14 verbose stack     at emitTwo (events.js:106:13)
14 verbose stack     at EventEmitter.emit (events.js:191:7)
14 verbose stack     at ChildProcess.<anonymous> (/usr/local/lib/node_modules/npm/lib/utils/spawn.js:40:14)
14 verbose stack     at emitTwo (events.js:106:13)
14 verbose stack     at ChildProcess.emit (events.js:191:7)
14 verbose stack     at maybeClose (internal/child_process.js:877:16)
14 verbose stack     at Process.ChildProcess._handle.onexit (internal/child_process.js:226:5)
15 verbose pkgid babel@1.0.0
16 verbose cwd /Users/andfelzapata90/Projects/wesbosES6/lesson#49-all-about-babel-plus-npm-scripts/babel
17 error Darwin 15.6.0
18 error argv "/usr/local/bin/node" "/usr/local/bin/npm" "run" "babel"
19 error node v6.6.0
20 error npm  v3.10.3
21 error code ELIFECYCLE
22 error babel@1.0.0 babel: `babel app.js --watch --out-file app-compiled.js`
22 error Exit status 1
23 error Failed at the babel@1.0.0 babel script 'babel app.js --watch --out-file app-compiled.js'.
23 error Make sure you have the latest version of node.js and npm installed.
23 error If you do, this is most likely a problem with the babel package,
23 error not with npm itself.
23 error Tell the author that this fails on your system:
23 error     babel app.js --watch --out-file app-compiled.js
23 error You can get information on how to open an issue for this project with:
23 error     npm bugs babel
23 error Or if that isn't available, you can get their info via:
23 error     npm owner ls babel
23 error There is likely additional logging output above.
24 verbose exit [ 1, true ]
